{"name": "test_cart", "status": "broken", "statusDetails": {"message": "selenium.common.exceptions.NoSuchElementException: Message: no such element: Unable to locate element: {\"method\":\"css selector\",\"selector\":\"[data-testid=\"address-input\"]\"}\n  (Session info: chrome=141.0.7390.109); For documentation on this error, please visit: https://www.selenium.dev/documentation/webdriver/troubleshooting/errors#nosuchelementexception\nStacktrace:\n0   chromedriver                        0x0000000105097cf8 cxxbridge1$str$ptr + 2895872\n1   chromedriver                        0x000000010508fc34 cxxbridge1$str$ptr + 2862908\n2   chromedriver                        0x0000000104bb5570 _RNvCs47EqcsrPRmA_7___rustc35___rust_no_alloc_shim_is_unstable_v2 + 74324\n3   chromedriver                        0x0000000104bfcf34 _RNvCs47EqcsrPRmA_7___rustc35___rust_no_alloc_shim_is_unstable_v2 + 367640\n4   chromedriver                        0x0000000104c3e3d8 _RNvCs47EqcsrPRmA_7___rustc35___rust_no_alloc_shim_is_unstable_v2 + 635068\n5   chromedriver                        0x0000000104bf10f8 _RNvCs47EqcsrPRmA_7___rustc35___rust_no_alloc_shim_is_unstable_v2 + 318940\n6   chromedriver                        0x000000010505b81c cxxbridge1$str$ptr + 2648868\n7   chromedriver                        0x000000010505edf8 cxxbridge1$str$ptr + 2662656\n8   chromedriver                        0x000000010503c334 cxxbridge1$str$ptr + 2520636\n9   chromedriver                        0x000000010505f6e0 cxxbridge1$str$ptr + 2664936\n10  chromedriver                        0x000000010502da80 cxxbridge1$str$ptr + 2461064\n11  chromedriver                        0x000000010507f014 cxxbridge1$str$ptr + 2794268\n12  chromedriver                        0x000000010507f198 cxxbridge1$str$ptr + 2794656\n13  chromedriver                        0x000000010508f880 cxxbridge1$str$ptr + 2861960\n14  libsystem_pthread.dylib             0x000000018d2a2c0c _pthread_start + 136\n15  libsystem_pthread.dylib             0x000000018d29db80 thread_start + 8", "trace": "driver = <selenium.webdriver.chrome.webdriver.WebDriver (session=\"c00f2801107d9c7ecc86bd96ece7d629\")>\n\n    def test_cart(driver):\n        main_page = MainPage(driver)\n    \n        with allure.step(\"Открытие сайта Деливери Омск\"):\n            main_page.open()\n    \n        with allure.step(\"Ввод адреса\"):\n>           main_page.add_address()\n\ntest_ui.py:23: \n_ _ _ _ _ _ _ _ _ _ _ _ _ _ _ _ _ _ _ _ _ _ _ _ _ _ _ _ _ _ _ _ _ _ _ _ _ _ _ _ _ _ _ _ _ _ _ _ _ _ _ _ _ _ _ _ _ _ _ _ _ _ _ _ _ _ _ _ _ _ _ _ _ _\nMainPage.py:30: in add_address\n    address_input = self.driver.find_element(\n.venv/lib/python3.14/site-packages/selenium/webdriver/remote/webdriver.py:926: in find_element\n    return self.execute(Command.FIND_ELEMENT, {\"using\": by, \"value\": value})[\"value\"]\n           ^^^^^^^^^^^^^^^^^^^^^^^^^^^^^^^^^^^^^^^^^^^^^^^^^^^^^^^^^^^^^^^^^\n.venv/lib/python3.14/site-packages/selenium/webdriver/remote/webdriver.py:458: in execute\n    self.error_handler.check_response(response)\n_ _ _ _ _ _ _ _ _ _ _ _ _ _ _ _ _ _ _ _ _ _ _ _ _ _ _ _ _ _ _ _ _ _ _ _ _ _ _ _ _ _ _ _ _ _ _ _ _ _ _ _ _ _ _ _ _ _ _ _ _ _ _ _ _ _ _ _ _ _ _ _ _ _\n\nself = <selenium.webdriver.remote.errorhandler.ErrorHandler object at 0x10850b620>\nresponse = {'status': 404, 'value': '{\"value\":{\"error\":\"no such element\",\"message\":\"no such element: Unable to locate element: {\\...00018d2a2c0c _pthread_start + 136\\\\n15  libsystem_pthread.dylib             0x000000018d29db80 thread_start + 8\\\\n\"}}'}\n\n    def check_response(self, response: dict[str, Any]) -> None:\n        \"\"\"Checks that a JSON response from the WebDriver does not have an\n        error.\n    \n        :Args:\n         - response - The JSON response from the WebDriver server as a dictionary\n           object.\n    \n        :Raises: If the response contains an error message.\n        \"\"\"\n        status = response.get(\"status\", None)\n        if not status or status == ErrorCode.SUCCESS:\n            return\n        value = None\n        message = response.get(\"message\", \"\")\n        screen: str = response.get(\"screen\", \"\")\n        stacktrace = None\n        if isinstance(status, int):\n            value_json = response.get(\"value\", None)\n            if value_json and isinstance(value_json, str):\n                try:\n                    value = json.loads(value_json)\n                    if isinstance(value, dict):\n                        if len(value) == 1:\n                            value = value[\"value\"]\n                        status = value.get(\"error\", None)\n                        if not status:\n                            status = value.get(\"status\", ErrorCode.UNKNOWN_ERROR)\n                            message = value.get(\"value\") or value.get(\"message\")\n                            if not isinstance(message, str):\n                                value = message\n                                message = message.get(\"message\") if isinstance(message, dict) else None\n                        else:\n                            message = value.get(\"message\", None)\n                except ValueError:\n                    pass\n    \n        exception_class: type[WebDriverException]\n        e = ErrorCode()\n        error_codes = [item for item in dir(e) if not item.startswith(\"__\")]\n        for error_code in error_codes:\n            error_info = getattr(ErrorCode, error_code)\n            if isinstance(error_info, list) and status in error_info:\n                exception_class = getattr(ExceptionMapping, error_code, WebDriverException)\n                break\n        else:\n            exception_class = WebDriverException\n    \n        if not value:\n            value = response[\"value\"]\n        if isinstance(value, str):\n            raise exception_class(value)\n        if message == \"\" and \"message\" in value:\n            message = value[\"message\"]\n    \n        screen = None  # type: ignore[assignment]\n        if \"screen\" in value:\n            screen = value[\"screen\"]\n    \n        stacktrace = None\n        st_value = value.get(\"stackTrace\") or value.get(\"stacktrace\")\n        if st_value:\n            if isinstance(st_value, str):\n                stacktrace = st_value.split(\"\\n\")\n            else:\n                stacktrace = []\n                try:\n                    for frame in st_value:\n                        line = frame.get(\"lineNumber\", \"\")\n                        file = frame.get(\"fileName\", \"<anonymous>\")\n                        if line:\n                            file = f\"{file}:{line}\"\n                        meth = frame.get(\"methodName\", \"<anonymous>\")\n                        if \"className\" in frame:\n                            meth = f\"{frame['className']}.{meth}\"\n                        msg = \"    at %s (%s)\"\n                        msg = msg % (meth, file)\n                        stacktrace.append(msg)\n                except TypeError:\n                    pass\n        if exception_class == UnexpectedAlertPresentException:\n            alert_text = None\n            if \"data\" in value:\n                alert_text = value[\"data\"].get(\"text\")\n            elif \"alert\" in value:\n                alert_text = value[\"alert\"].get(\"text\")\n            raise exception_class(message, screen, stacktrace, alert_text)  # type: ignore[call-arg]  # mypy is not smart enough here\n>       raise exception_class(message, screen, stacktrace)\nE       selenium.common.exceptions.NoSuchElementException: Message: no such element: Unable to locate element: {\"method\":\"css selector\",\"selector\":\"[data-testid=\"address-input\"]\"}\nE         (Session info: chrome=141.0.7390.109); For documentation on this error, please visit: https://www.selenium.dev/documentation/webdriver/troubleshooting/errors#nosuchelementexception\nE       Stacktrace:\nE       0   chromedriver                        0x0000000105097cf8 cxxbridge1$str$ptr + 2895872\nE       1   chromedriver                        0x000000010508fc34 cxxbridge1$str$ptr + 2862908\nE       2   chromedriver                        0x0000000104bb5570 _RNvCs47EqcsrPRmA_7___rustc35___rust_no_alloc_shim_is_unstable_v2 + 74324\nE       3   chromedriver                        0x0000000104bfcf34 _RNvCs47EqcsrPRmA_7___rustc35___rust_no_alloc_shim_is_unstable_v2 + 367640\nE       4   chromedriver                        0x0000000104c3e3d8 _RNvCs47EqcsrPRmA_7___rustc35___rust_no_alloc_shim_is_unstable_v2 + 635068\nE       5   chromedriver                        0x0000000104bf10f8 _RNvCs47EqcsrPRmA_7___rustc35___rust_no_alloc_shim_is_unstable_v2 + 318940\nE       6   chromedriver                        0x000000010505b81c cxxbridge1$str$ptr + 2648868\nE       7   chromedriver                        0x000000010505edf8 cxxbridge1$str$ptr + 2662656\nE       8   chromedriver                        0x000000010503c334 cxxbridge1$str$ptr + 2520636\nE       9   chromedriver                        0x000000010505f6e0 cxxbridge1$str$ptr + 2664936\nE       10  chromedriver                        0x000000010502da80 cxxbridge1$str$ptr + 2461064\nE       11  chromedriver                        0x000000010507f014 cxxbridge1$str$ptr + 2794268\nE       12  chromedriver                        0x000000010507f198 cxxbridge1$str$ptr + 2794656\nE       13  chromedriver                        0x000000010508f880 cxxbridge1$str$ptr + 2861960\nE       14  libsystem_pthread.dylib             0x000000018d2a2c0c _pthread_start + 136\nE       15  libsystem_pthread.dylib             0x000000018d29db80 thread_start + 8\n\n.venv/lib/python3.14/site-packages/selenium/webdriver/remote/errorhandler.py:232: NoSuchElementException"}, "steps": [{"name": "Открытие сайта Деливери Омск", "status": "passed", "steps": [{"name": "Открытие сайта Деливери Омск", "status": "passed", "start": 1761113515000, "stop": 1761113515983}], "start": 1761113515000, "stop": 1761113515983}, {"name": "Ввод адреса", "status": "broken", "statusDetails": {"message": "selenium.common.exceptions.NoSuchElementException: Message: no such element: Unable to locate element: {\"method\":\"css selector\",\"selector\":\"[data-testid=\"address-input\"]\"}\n  (Session info: chrome=141.0.7390.109); For documentation on this error, please visit: https://www.selenium.dev/documentation/webdriver/troubleshooting/errors#nosuchelementexception\nStacktrace:\n0   chromedriver                        0x0000000105097cf8 cxxbridge1$str$ptr + 2895872\n1   chromedriver                        0x000000010508fc34 cxxbridge1$str$ptr + 2862908\n2   chromedriver                        0x0000000104bb5570 _RNvCs47EqcsrPRmA_7___rustc35___rust_no_alloc_shim_is_unstable_v2 + 74324\n3   chromedriver                        0x0000000104bfcf34 _RNvCs47EqcsrPRmA_7___rustc35___rust_no_alloc_shim_is_unstable_v2 + 367640\n4   chromedriver                        0x0000000104c3e3d8 _RNvCs47EqcsrPRmA_7___rustc35___rust_no_alloc_shim_is_unstable_v2 + 635068\n5   chromedriver                        0x0000000104bf10f8 _RNvCs47EqcsrPRmA_7___rustc35___rust_no_alloc_shim_is_unstable_v2 + 318940\n6   chromedriver                        0x000000010505b81c cxxbridge1$str$ptr + 2648868\n7   chromedriver                        0x000000010505edf8 cxxbridge1$str$ptr + 2662656\n8   chromedriver                        0x000000010503c334 cxxbridge1$str$ptr + 2520636\n9   chromedriver                        0x000000010505f6e0 cxxbridge1$str$ptr + 2664936\n10  chromedriver                        0x000000010502da80 cxxbridge1$str$ptr + 2461064\n11  chromedriver                        0x000000010507f014 cxxbridge1$str$ptr + 2794268\n12  chromedriver                        0x000000010507f198 cxxbridge1$str$ptr + 2794656\n13  chromedriver                        0x000000010508f880 cxxbridge1$str$ptr + 2861960\n14  libsystem_pthread.dylib             0x000000018d2a2c0c _pthread_start + 136\n15  libsystem_pthread.dylib             0x000000018d29db80 thread_start + 8\n\n", "trace": "  File \"/Users/anastasia/diplomnaya_rabota/test_ui.py\", line 23, in test_cart\n    main_page.add_address()\n    ~~~~~~~~~~~~~~~~~~~~~^^\n  File \"/Users/anastasia/diplomnaya_rabota/.venv/lib/python3.14/site-packages/allure_commons/_allure.py\", line 202, in impl\n    return func(*a, **kw)\n  File \"/Users/anastasia/diplomnaya_rabota/MainPage.py\", line 30, in add_address\n    address_input = self.driver.find_element(\n        By.CSS_SELECTOR, '[data-testid=\"address-input\"]')\n  File \"/Users/anastasia/diplomnaya_rabota/.venv/lib/python3.14/site-packages/selenium/webdriver/remote/webdriver.py\", line 926, in find_element\n    return self.execute(Command.FIND_ELEMENT, {\"using\": by, \"value\": value})[\"value\"]\n           ~~~~~~~~~~~~^^^^^^^^^^^^^^^^^^^^^^^^^^^^^^^^^^^^^^^^^^^^^^^^^^^^^\n  File \"/Users/anastasia/diplomnaya_rabota/.venv/lib/python3.14/site-packages/selenium/webdriver/remote/webdriver.py\", line 458, in execute\n    self.error_handler.check_response(response)\n    ~~~~~~~~~~~~~~~~~~~~~~~~~~~~~~~~~^^^^^^^^^^\n  File \"/Users/anastasia/diplomnaya_rabota/.venv/lib/python3.14/site-packages/selenium/webdriver/remote/errorhandler.py\", line 232, in check_response\n    raise exception_class(message, screen, stacktrace)\n"}, "steps": [{"name": "Ввод адреса", "status": "broken", "statusDetails": {"message": "selenium.common.exceptions.NoSuchElementException: Message: no such element: Unable to locate element: {\"method\":\"css selector\",\"selector\":\"[data-testid=\"address-input\"]\"}\n  (Session info: chrome=141.0.7390.109); For documentation on this error, please visit: https://www.selenium.dev/documentation/webdriver/troubleshooting/errors#nosuchelementexception\nStacktrace:\n0   chromedriver                        0x0000000105097cf8 cxxbridge1$str$ptr + 2895872\n1   chromedriver                        0x000000010508fc34 cxxbridge1$str$ptr + 2862908\n2   chromedriver                        0x0000000104bb5570 _RNvCs47EqcsrPRmA_7___rustc35___rust_no_alloc_shim_is_unstable_v2 + 74324\n3   chromedriver                        0x0000000104bfcf34 _RNvCs47EqcsrPRmA_7___rustc35___rust_no_alloc_shim_is_unstable_v2 + 367640\n4   chromedriver                        0x0000000104c3e3d8 _RNvCs47EqcsrPRmA_7___rustc35___rust_no_alloc_shim_is_unstable_v2 + 635068\n5   chromedriver                        0x0000000104bf10f8 _RNvCs47EqcsrPRmA_7___rustc35___rust_no_alloc_shim_is_unstable_v2 + 318940\n6   chromedriver                        0x000000010505b81c cxxbridge1$str$ptr + 2648868\n7   chromedriver                        0x000000010505edf8 cxxbridge1$str$ptr + 2662656\n8   chromedriver                        0x000000010503c334 cxxbridge1$str$ptr + 2520636\n9   chromedriver                        0x000000010505f6e0 cxxbridge1$str$ptr + 2664936\n10  chromedriver                        0x000000010502da80 cxxbridge1$str$ptr + 2461064\n11  chromedriver                        0x000000010507f014 cxxbridge1$str$ptr + 2794268\n12  chromedriver                        0x000000010507f198 cxxbridge1$str$ptr + 2794656\n13  chromedriver                        0x000000010508f880 cxxbridge1$str$ptr + 2861960\n14  libsystem_pthread.dylib             0x000000018d2a2c0c _pthread_start + 136\n15  libsystem_pthread.dylib             0x000000018d29db80 thread_start + 8\n\n", "trace": "  File \"/Users/anastasia/diplomnaya_rabota/.venv/lib/python3.14/site-packages/allure_commons/_allure.py\", line 202, in impl\n    return func(*a, **kw)\n  File \"/Users/anastasia/diplomnaya_rabota/MainPage.py\", line 30, in add_address\n    address_input = self.driver.find_element(\n        By.CSS_SELECTOR, '[data-testid=\"address-input\"]')\n  File \"/Users/anastasia/diplomnaya_rabota/.venv/lib/python3.14/site-packages/selenium/webdriver/remote/webdriver.py\", line 926, in find_element\n    return self.execute(Command.FIND_ELEMENT, {\"using\": by, \"value\": value})[\"value\"]\n           ~~~~~~~~~~~~^^^^^^^^^^^^^^^^^^^^^^^^^^^^^^^^^^^^^^^^^^^^^^^^^^^^^\n  File \"/Users/anastasia/diplomnaya_rabota/.venv/lib/python3.14/site-packages/selenium/webdriver/remote/webdriver.py\", line 458, in execute\n    self.error_handler.check_response(response)\n    ~~~~~~~~~~~~~~~~~~~~~~~~~~~~~~~~~^^^^^^^^^^\n  File \"/Users/anastasia/diplomnaya_rabota/.venv/lib/python3.14/site-packages/selenium/webdriver/remote/errorhandler.py\", line 232, in check_response\n    raise exception_class(message, screen, stacktrace)\n"}, "start": 1761113515984, "stop": 1761113526878}], "start": 1761113515984, "stop": 1761113526886}], "start": 1761113514999, "stop": 1761113526888, "uuid": "fe6631c8-c914-465f-823a-bd3649361d48", "historyId": "d4fb7cd33bfe1620545a08f64bf8bf55", "testCaseId": "d4fb7cd33bfe1620545a08f64bf8bf55", "fullName": "test_ui#test_cart", "labels": [{"name": "suite", "value": "test_ui"}, {"name": "host", "value": "Noutbuk-Anastasia.local"}, {"name": "thread", "value": "8165-MainThread"}, {"name": "framework", "value": "pytest"}, {"name": "language", "value": "cpython3"}, {"name": "package", "value": "test_ui"}], "titlePath": ["test_ui.py"]}