{"name": "test_item_increase", "status": "failed", "statusDetails": {"message": "AssertionError: assert None == 2", "trace": "driver = <selenium.webdriver.chrome.webdriver.WebDriver (session=\"834a1e5cb1383c09dd8797acc2de605d\")>\n\n    def test_item_increase(driver):\n        main_page = MainPage(driver)\n        with allure.step(\"Открытие сайта Деливери Омск\"):\n            main_page.open()\n    \n        with allure.step(\"Ввод адреса\"):\n            main_page.add_address()\n    \n        with allure.step(\"Выбор магазина\"):\n            main_page.choose_a_store()\n    \n        with allure.step(\"Добавить товар в корзину\"):\n            main_page.add_item_to_cart()\n    \n        with allure.step(\"Увеличение количества товара\"):\n            main_page.item_increase()\n    \n        with allure.step(\"Получение счетчика\"):\n            res = main_page.result()\n>           assert res == 2\nE           assert None == 2\n\ntest_ui.py:55: AssertionError"}, "steps": [{"name": "Открытие сайта Деливери Омск", "status": "passed", "steps": [{"name": "Открытие сайта Деливери Омск", "status": "passed", "start": 1761113528481, "stop": 1761113529396}], "start": 1761113528481, "stop": 1761113529396}, {"name": "Ввод адреса", "status": "passed", "steps": [{"name": "Ввод адреса", "status": "passed", "start": 1761113529396, "stop": 1761113530725}], "start": 1761113529396, "stop": 1761113530725}, {"name": "Выбор магазина", "status": "passed", "start": 1761113530725, "stop": 1761113530986}, {"name": "Добавить товар в корзину", "status": "passed", "steps": [{"name": "Добавить товар в корзину", "status": "passed", "start": 1761113530987, "stop": 1761113533685}], "start": 1761113530986, "stop": 1761113533685}, {"name": "Увеличение количества товара", "status": "passed", "steps": [{"name": "Увеличение количества товара", "status": "passed", "start": 1761113533688, "stop": 1761113533724}], "start": 1761113533685, "stop": 1761113533724}, {"name": "Получение счетчика", "status": "failed", "statusDetails": {"message": "AssertionError: assert None == 2\n", "trace": "  File \"/Users/anastasia/diplomnaya_rabota/test_ui.py\", line 55, in test_item_increase\n    assert res == 2\n"}, "steps": [{"name": "Получение счетчика", "status": "passed", "start": 1761113533724, "stop": 1761113533734}], "start": 1761113533724, "stop": 1761113533735}], "start": 1761113528481, "stop": 1761113533737, "uuid": "7e65a58b-554d-4848-ab71-72ec20f09658", "historyId": "15310a563d8a1af73bf3a9aceeaf8d7f", "testCaseId": "15310a563d8a1af73bf3a9aceeaf8d7f", "fullName": "test_ui#test_item_increase", "labels": [{"name": "suite", "value": "test_ui"}, {"name": "host", "value": "Noutbuk-Anastasia.local"}, {"name": "thread", "value": "8165-MainThread"}, {"name": "framework", "value": "pytest"}, {"name": "language", "value": "cpython3"}, {"name": "package", "value": "test_ui"}], "titlePath": ["test_ui.py"]}