{"name": "test_item_increase", "status": "broken", "statusDetails": {"message": "selenium.common.exceptions.StaleElementReferenceException: Message: stale element reference: stale element not found in the current frame\n  (Session info: chrome=141.0.7390.109); For documentation on this error, please visit: https://www.selenium.dev/documentation/webdriver/troubleshooting/errors#staleelementreferenceexception\nStacktrace:\n0   chromedriver                        0x0000000102bbbcf8 cxxbridge1$str$ptr + 2895872\n1   chromedriver                        0x0000000102bb3c34 cxxbridge1$str$ptr + 2862908\n2   chromedriver                        0x00000001026d9570 _RNvCs47EqcsrPRmA_7___rustc35___rust_no_alloc_shim_is_unstable_v2 + 74324\n3   chromedriver                        0x00000001026df238 _RNvCs47EqcsrPRmA_7___rustc35___rust_no_alloc_shim_is_unstable_v2 + 98076\n4   chromedriver                        0x00000001026e1564 _RNvCs47EqcsrPRmA_7___rustc35___rust_no_alloc_shim_is_unstable_v2 + 107080\n5   chromedriver                        0x00000001026e160c _RNvCs47EqcsrPRmA_7___rustc35___rust_no_alloc_shim_is_unstable_v2 + 107248\n6   chromedriver                        0x00000001027269cc _RNvCs47EqcsrPRmA_7___rustc35___rust_no_alloc_shim_is_unstable_v2 + 390832\n7   chromedriver                        0x0000000102724bf4 _RNvCs47EqcsrPRmA_7___rustc35___rust_no_alloc_shim_is_unstable_v2 + 383192\n8   chromedriver                        0x0000000102722e04 _RNvCs47EqcsrPRmA_7___rustc35___rust_no_alloc_shim_is_unstable_v2 + 375528\n9   chromedriver                        0x00000001027221fc _RNvCs47EqcsrPRmA_7___rustc35___rust_no_alloc_shim_is_unstable_v2 + 372448\n10  chromedriver                        0x0000000102716c40 _RNvCs47EqcsrPRmA_7___rustc35___rust_no_alloc_shim_is_unstable_v2 + 325924\n11  chromedriver                        0x00000001027166cc _RNvCs47EqcsrPRmA_7___rustc35___rust_no_alloc_shim_is_unstable_v2 + 324528\n12  chromedriver                        0x00000001027623d8 _RNvCs47EqcsrPRmA_7___rustc35___rust_no_alloc_shim_is_unstable_v2 + 635068\n13  chromedriver                        0x00000001027150f8 _RNvCs47EqcsrPRmA_7___rustc35___rust_no_alloc_shim_is_unstable_v2 + 318940\n14  chromedriver                        0x0000000102b7f81c cxxbridge1$str$ptr + 2648868\n15  chromedriver                        0x0000000102b82df8 cxxbridge1$str$ptr + 2662656\n16  chromedriver                        0x0000000102b60334 cxxbridge1$str$ptr + 2520636\n17  chromedriver                        0x0000000102b836e0 cxxbridge1$str$ptr + 2664936\n18  chromedriver                        0x0000000102b51a80 cxxbridge1$str$ptr + 2461064\n19  chromedriver                        0x0000000102ba3014 cxxbridge1$str$ptr + 2794268\n20  chromedriver                        0x0000000102ba3198 cxxbridge1$str$ptr + 2794656\n21  chromedriver                        0x0000000102bb3880 cxxbridge1$str$ptr + 2861960\n22  libsystem_pthread.dylib             0x000000018d2a2c0c _pthread_start + 136\n23  libsystem_pthread.dylib             0x000000018d29db80 thread_start + 8", "trace": "driver = <selenium.webdriver.chrome.webdriver.WebDriver (session=\"f92be4e11707843b108d32a139dd0cf6\")>\n\n    def test_item_increase(driver):\n        main_page = MainPage(driver)\n        with allure.step(\"Открытие сайта Деливери Омск\"):\n            main_page.open()\n    \n        with allure.step(\"Ввод адреса\"):\n            main_page.add_address()\n    \n        with allure.step(\"Выбор магазина\"):\n>           main_page.choose_a_store()\n\ntest_ui.py:45: \n_ _ _ _ _ _ _ _ _ _ _ _ _ _ _ _ _ _ _ _ _ _ _ _ _ _ _ _ _ _ _ _ _ _ _ _ _ _ _ _ _ _ _ _ _ _ _ _ _ _ _ _ _ _ _ _ _ _ _ _ _ _ _ _ _ _ _ _ _ _ _ _ _ _\nMainPage.py:19: in choose_a_store\n    self.driver.find_element(By.CSS_SELECTOR, \".ckb1wui\").click()\n.venv/lib/python3.14/site-packages/selenium/webdriver/remote/webelement.py:119: in click\n    self._execute(Command.CLICK_ELEMENT)\n.venv/lib/python3.14/site-packages/selenium/webdriver/remote/webelement.py:572: in _execute\n    return self._parent.execute(command, params)\n           ^^^^^^^^^^^^^^^^^^^^^^^^^^^^^^^^^^^^^\n.venv/lib/python3.14/site-packages/selenium/webdriver/remote/webdriver.py:458: in execute\n    self.error_handler.check_response(response)\n_ _ _ _ _ _ _ _ _ _ _ _ _ _ _ _ _ _ _ _ _ _ _ _ _ _ _ _ _ _ _ _ _ _ _ _ _ _ _ _ _ _ _ _ _ _ _ _ _ _ _ _ _ _ _ _ _ _ _ _ _ _ _ _ _ _ _ _ _ _ _ _ _ _\n\nself = <selenium.webdriver.remote.errorhandler.ErrorHandler object at 0x1224fd1d0>\nresponse = {'status': 404, 'value': '{\"value\":{\"error\":\"stale element reference\",\"message\":\"stale element reference: stale elemen...00018d2a2c0c _pthread_start + 136\\\\n23  libsystem_pthread.dylib             0x000000018d29db80 thread_start + 8\\\\n\"}}'}\n\n    def check_response(self, response: dict[str, Any]) -> None:\n        \"\"\"Checks that a JSON response from the WebDriver does not have an\n        error.\n    \n        :Args:\n         - response - The JSON response from the WebDriver server as a dictionary\n           object.\n    \n        :Raises: If the response contains an error message.\n        \"\"\"\n        status = response.get(\"status\", None)\n        if not status or status == ErrorCode.SUCCESS:\n            return\n        value = None\n        message = response.get(\"message\", \"\")\n        screen: str = response.get(\"screen\", \"\")\n        stacktrace = None\n        if isinstance(status, int):\n            value_json = response.get(\"value\", None)\n            if value_json and isinstance(value_json, str):\n                try:\n                    value = json.loads(value_json)\n                    if isinstance(value, dict):\n                        if len(value) == 1:\n                            value = value[\"value\"]\n                        status = value.get(\"error\", None)\n                        if not status:\n                            status = value.get(\"status\", ErrorCode.UNKNOWN_ERROR)\n                            message = value.get(\"value\") or value.get(\"message\")\n                            if not isinstance(message, str):\n                                value = message\n                                message = message.get(\"message\") if isinstance(message, dict) else None\n                        else:\n                            message = value.get(\"message\", None)\n                except ValueError:\n                    pass\n    \n        exception_class: type[WebDriverException]\n        e = ErrorCode()\n        error_codes = [item for item in dir(e) if not item.startswith(\"__\")]\n        for error_code in error_codes:\n            error_info = getattr(ErrorCode, error_code)\n            if isinstance(error_info, list) and status in error_info:\n                exception_class = getattr(ExceptionMapping, error_code, WebDriverException)\n                break\n        else:\n            exception_class = WebDriverException\n    \n        if not value:\n            value = response[\"value\"]\n        if isinstance(value, str):\n            raise exception_class(value)\n        if message == \"\" and \"message\" in value:\n            message = value[\"message\"]\n    \n        screen = None  # type: ignore[assignment]\n        if \"screen\" in value:\n            screen = value[\"screen\"]\n    \n        stacktrace = None\n        st_value = value.get(\"stackTrace\") or value.get(\"stacktrace\")\n        if st_value:\n            if isinstance(st_value, str):\n                stacktrace = st_value.split(\"\\n\")\n            else:\n                stacktrace = []\n                try:\n                    for frame in st_value:\n                        line = frame.get(\"lineNumber\", \"\")\n                        file = frame.get(\"fileName\", \"<anonymous>\")\n                        if line:\n                            file = f\"{file}:{line}\"\n                        meth = frame.get(\"methodName\", \"<anonymous>\")\n                        if \"className\" in frame:\n                            meth = f\"{frame['className']}.{meth}\"\n                        msg = \"    at %s (%s)\"\n                        msg = msg % (meth, file)\n                        stacktrace.append(msg)\n                except TypeError:\n                    pass\n        if exception_class == UnexpectedAlertPresentException:\n            alert_text = None\n            if \"data\" in value:\n                alert_text = value[\"data\"].get(\"text\")\n            elif \"alert\" in value:\n                alert_text = value[\"alert\"].get(\"text\")\n            raise exception_class(message, screen, stacktrace, alert_text)  # type: ignore[call-arg]  # mypy is not smart enough here\n>       raise exception_class(message, screen, stacktrace)\nE       selenium.common.exceptions.StaleElementReferenceException: Message: stale element reference: stale element not found in the current frame\nE         (Session info: chrome=141.0.7390.109); For documentation on this error, please visit: https://www.selenium.dev/documentation/webdriver/troubleshooting/errors#staleelementreferenceexception\nE       Stacktrace:\nE       0   chromedriver                        0x0000000102bbbcf8 cxxbridge1$str$ptr + 2895872\nE       1   chromedriver                        0x0000000102bb3c34 cxxbridge1$str$ptr + 2862908\nE       2   chromedriver                        0x00000001026d9570 _RNvCs47EqcsrPRmA_7___rustc35___rust_no_alloc_shim_is_unstable_v2 + 74324\nE       3   chromedriver                        0x00000001026df238 _RNvCs47EqcsrPRmA_7___rustc35___rust_no_alloc_shim_is_unstable_v2 + 98076\nE       4   chromedriver                        0x00000001026e1564 _RNvCs47EqcsrPRmA_7___rustc35___rust_no_alloc_shim_is_unstable_v2 + 107080\nE       5   chromedriver                        0x00000001026e160c _RNvCs47EqcsrPRmA_7___rustc35___rust_no_alloc_shim_is_unstable_v2 + 107248\nE       6   chromedriver                        0x00000001027269cc _RNvCs47EqcsrPRmA_7___rustc35___rust_no_alloc_shim_is_unstable_v2 + 390832\nE       7   chromedriver                        0x0000000102724bf4 _RNvCs47EqcsrPRmA_7___rustc35___rust_no_alloc_shim_is_unstable_v2 + 383192\nE       8   chromedriver                        0x0000000102722e04 _RNvCs47EqcsrPRmA_7___rustc35___rust_no_alloc_shim_is_unstable_v2 + 375528\nE       9   chromedriver                        0x00000001027221fc _RNvCs47EqcsrPRmA_7___rustc35___rust_no_alloc_shim_is_unstable_v2 + 372448\nE       10  chromedriver                        0x0000000102716c40 _RNvCs47EqcsrPRmA_7___rustc35___rust_no_alloc_shim_is_unstable_v2 + 325924\nE       11  chromedriver                        0x00000001027166cc _RNvCs47EqcsrPRmA_7___rustc35___rust_no_alloc_shim_is_unstable_v2 + 324528\nE       12  chromedriver                        0x00000001027623d8 _RNvCs47EqcsrPRmA_7___rustc35___rust_no_alloc_shim_is_unstable_v2 + 635068\nE       13  chromedriver                        0x00000001027150f8 _RNvCs47EqcsrPRmA_7___rustc35___rust_no_alloc_shim_is_unstable_v2 + 318940\nE       14  chromedriver                        0x0000000102b7f81c cxxbridge1$str$ptr + 2648868\nE       15  chromedriver                        0x0000000102b82df8 cxxbridge1$str$ptr + 2662656\nE       16  chromedriver                        0x0000000102b60334 cxxbridge1$str$ptr + 2520636\nE       17  chromedriver                        0x0000000102b836e0 cxxbridge1$str$ptr + 2664936\nE       18  chromedriver                        0x0000000102b51a80 cxxbridge1$str$ptr + 2461064\nE       19  chromedriver                        0x0000000102ba3014 cxxbridge1$str$ptr + 2794268\nE       20  chromedriver                        0x0000000102ba3198 cxxbridge1$str$ptr + 2794656\nE       21  chromedriver                        0x0000000102bb3880 cxxbridge1$str$ptr + 2861960\nE       22  libsystem_pthread.dylib             0x000000018d2a2c0c _pthread_start + 136\nE       23  libsystem_pthread.dylib             0x000000018d29db80 thread_start + 8\n\n.venv/lib/python3.14/site-packages/selenium/webdriver/remote/errorhandler.py:232: StaleElementReferenceException"}, "steps": [{"name": "Открытие сайта Деливери Омск", "status": "passed", "steps": [{"name": "Открытие сайта Деливери Омск", "status": "passed", "start": 1761113923718, "stop": 1761113924204}], "start": 1761113923718, "stop": 1761113924204}, {"name": "Ввод адреса", "status": "passed", "steps": [{"name": "Ввод адреса", "status": "passed", "start": 1761113924204, "stop": 1761113926188}], "start": 1761113924204, "stop": 1761113926188}, {"name": "Выбор магазина", "status": "broken", "statusDetails": {"message": "selenium.common.exceptions.StaleElementReferenceException: Message: stale element reference: stale element not found in the current frame\n  (Session info: chrome=141.0.7390.109); For documentation on this error, please visit: https://www.selenium.dev/documentation/webdriver/troubleshooting/errors#staleelementreferenceexception\nStacktrace:\n0   chromedriver                        0x0000000102bbbcf8 cxxbridge1$str$ptr + 2895872\n1   chromedriver                        0x0000000102bb3c34 cxxbridge1$str$ptr + 2862908\n2   chromedriver                        0x00000001026d9570 _RNvCs47EqcsrPRmA_7___rustc35___rust_no_alloc_shim_is_unstable_v2 + 74324\n3   chromedriver                        0x00000001026df238 _RNvCs47EqcsrPRmA_7___rustc35___rust_no_alloc_shim_is_unstable_v2 + 98076\n4   chromedriver                        0x00000001026e1564 _RNvCs47EqcsrPRmA_7___rustc35___rust_no_alloc_shim_is_unstable_v2 + 107080\n5   chromedriver                        0x00000001026e160c _RNvCs47EqcsrPRmA_7___rustc35___rust_no_alloc_shim_is_unstable_v2 + 107248\n6   chromedriver                        0x00000001027269cc _RNvCs47EqcsrPRmA_7___rustc35___rust_no_alloc_shim_is_unstable_v2 + 390832\n7   chromedriver                        0x0000000102724bf4 _RNvCs47EqcsrPRmA_7___rustc35___rust_no_alloc_shim_is_unstable_v2 + 383192\n8   chromedriver                        0x0000000102722e04 _RNvCs47EqcsrPRmA_7___rustc35___rust_no_alloc_shim_is_unstable_v2 + 375528\n9   chromedriver                        0x00000001027221fc _RNvCs47EqcsrPRmA_7___rustc35___rust_no_alloc_shim_is_unstable_v2 + 372448\n10  chromedriver                        0x0000000102716c40 _RNvCs47EqcsrPRmA_7___rustc35___rust_no_alloc_shim_is_unstable_v2 + 325924\n11  chromedriver                        0x00000001027166cc _RNvCs47EqcsrPRmA_7___rustc35___rust_no_alloc_shim_is_unstable_v2 + 324528\n12  chromedriver                        0x00000001027623d8 _RNvCs47EqcsrPRmA_7___rustc35___rust_no_alloc_shim_is_unstable_v2 + 635068\n13  chromedriver                        0x00000001027150f8 _RNvCs47EqcsrPRmA_7___rustc35___rust_no_alloc_shim_is_unstable_v2 + 318940\n14  chromedriver                        0x0000000102b7f81c cxxbridge1$str$ptr + 2648868\n15  chromedriver                        0x0000000102b82df8 cxxbridge1$str$ptr + 2662656\n16  chromedriver                        0x0000000102b60334 cxxbridge1$str$ptr + 2520636\n17  chromedriver                        0x0000000102b836e0 cxxbridge1$str$ptr + 2664936\n18  chromedriver                        0x0000000102b51a80 cxxbridge1$str$ptr + 2461064\n19  chromedriver                        0x0000000102ba3014 cxxbridge1$str$ptr + 2794268\n20  chromedriver                        0x0000000102ba3198 cxxbridge1$str$ptr + 2794656\n21  chromedriver                        0x0000000102bb3880 cxxbridge1$str$ptr + 2861960\n22  libsystem_pthread.dylib             0x000000018d2a2c0c _pthread_start + 136\n23  libsystem_pthread.dylib             0x000000018d29db80 thread_start + 8\n\n", "trace": "  File \"/Users/anastasia/diplomnaya_rabota/test_ui.py\", line 45, in test_item_increase\n    main_page.choose_a_store()\n    ~~~~~~~~~~~~~~~~~~~~~~~~^^\n  File \"/Users/anastasia/diplomnaya_rabota/MainPage.py\", line 19, in choose_a_store\n    self.driver.find_element(By.CSS_SELECTOR, \".ckb1wui\").click()\n    ~~~~~~~~~~~~~~~~~~~~~~~~~~~~~~~~~~~~~~~~~~~~~~~~~~~~~~~~~~~^^\n  File \"/Users/anastasia/diplomnaya_rabota/.venv/lib/python3.14/site-packages/selenium/webdriver/remote/webelement.py\", line 119, in click\n    self._execute(Command.CLICK_ELEMENT)\n    ~~~~~~~~~~~~~^^^^^^^^^^^^^^^^^^^^^^^\n  File \"/Users/anastasia/diplomnaya_rabota/.venv/lib/python3.14/site-packages/selenium/webdriver/remote/webelement.py\", line 572, in _execute\n    return self._parent.execute(command, params)\n           ~~~~~~~~~~~~~~~~~~~~^^^^^^^^^^^^^^^^^\n  File \"/Users/anastasia/diplomnaya_rabota/.venv/lib/python3.14/site-packages/selenium/webdriver/remote/webdriver.py\", line 458, in execute\n    self.error_handler.check_response(response)\n    ~~~~~~~~~~~~~~~~~~~~~~~~~~~~~~~~~^^^^^^^^^^\n  File \"/Users/anastasia/diplomnaya_rabota/.venv/lib/python3.14/site-packages/selenium/webdriver/remote/errorhandler.py\", line 232, in check_response\n    raise exception_class(message, screen, stacktrace)\n"}, "start": 1761113926188, "stop": 1761113926809}], "start": 1761113923712, "stop": 1761113926824, "uuid": "6abe7664-f8b4-4593-b71f-8b6c763bd0f7", "historyId": "15310a563d8a1af73bf3a9aceeaf8d7f", "testCaseId": "15310a563d8a1af73bf3a9aceeaf8d7f", "fullName": "test_ui#test_item_increase", "labels": [{"name": "suite", "value": "test_ui"}, {"name": "host", "value": "Noutbuk-Anastasia.local"}, {"name": "thread", "value": "9166-MainThread"}, {"name": "framework", "value": "pytest"}, {"name": "language", "value": "cpython3"}, {"name": "package", "value": "test_ui"}], "titlePath": ["test_ui.py"]}